2022-02-20 08:37:38,777 INFO mongo db object initialized, connection established with the cluster
2022-02-20 08:37:38,778 INFO Clean up done
2022-02-20 08:37:41,229 INFO File downloaded successfully.
2022-02-20 08:37:41,254 INFO data dictionary list created
2022-02-20 08:37:41,254 INFO collection created
2022-02-20 08:37:42,378 INFO documents inserted.
2022-02-20 08:37:42,477 INFO document inserted
2022-02-20 08:37:42,547 INFO documents updated
2022-02-20 08:37:42,607 INFO Document deleted
2022-02-20 08:37:42,666 INFO Collection dropped
2022-02-20 08:55:33,512 INFO Clean up done
2022-02-20 08:55:36,216 INFO File downloaded successfully.
2022-02-20 08:55:36,241 INFO data dictionary list created
2022-02-21 11:21:10,033 INFO Clean up done
2022-02-21 11:21:13,145 INFO File downloaded successfully.
2022-02-21 11:21:13,169 INFO data dictionary list created
2022-02-21 11:21:46,203 INFO Clean up done
2022-02-21 11:21:48,624 INFO File downloaded successfully.
2022-02-21 11:21:48,649 INFO data dictionary list created
2022-02-21 11:22:18,352 INFO Clean up done
2022-02-21 11:22:20,865 INFO File downloaded successfully.
2022-02-21 11:22:20,888 INFO data dictionary list created
